[26-03-26 18:42:27] [INFO] [conn_mgr] [conn_manager.c:13] Initialize connection table
[26-03-26 18:42:27] [INFO] [port_mgr] [port_manager.c:29] Initialized ports
[26-03-26 18:42:27] [INFO] [traffic_mgr] [traffic_manager.c:16] Traffic stats initialized
[26-03-26 18:42:28] [INFO] [cli] [cli.c:665] CLI started
[26-03-26 18:42:28] [INFO] [port_mgr] [port_manager.c:76] port_idx=0 oper_state changed: DOWN -> UP (admin=enabled fault=none)
[26-03-26 18:42:28] [DEBUG] [port_mgr] [port_manager.c:63] Notified conn-mgr: port_idx=0, operational_state=UP
[26-03-26 18:42:28] [INFO] [port_mgr] [port_manager.c:132] Port admin-enabled: port_idx=0
[26-03-26 18:42:28] [INFO] [port_mgr] [port_manager.c:143] Port admin-disabled: port_idx=0
[26-03-26 18:42:28] [INFO] [conn_mgr] [conn_manager.c:65] Port-1 operational_state changed to UP
[26-03-26 18:42:28] [INFO] [port_mgr] [port_manager.c:76] port_idx=1 oper_state changed: DOWN -> UP (admin=enabled fault=none)
[26-03-26 18:42:28] [DEBUG] [port_mgr] [port_manager.c:63] Notified conn-mgr: port_idx=1, operational_state=UP
[26-03-26 18:42:28] [INFO] [port_mgr] [port_manager.c:132] Port admin-enabled: port_idx=1
[26-03-26 18:42:28] [INFO] [conn_mgr] [conn_manager.c:65] Port-2 operational_state changed to UP
[26-03-26 18:42:28] [INFO] [port_mgr] [port_manager.c:143] Port admin-disabled: port_idx=1
[26-03-26 18:42:28] [INFO] [port_mgr] [port_manager.c:76] port_idx=2 oper_state changed: DOWN -> UP (admin=enabled fault=none)
[26-03-26 18:42:28] [DEBUG] [port_mgr] [port_manager.c:63] Notified conn-mgr: port_idx=2, operational_state=UP
[26-03-26 18:42:28] [INFO] [conn_mgr] [conn_manager.c:65] Port-3 operational_state changed to UP
[26-03-26 18:42:28] [INFO] [port_mgr] [port_manager.c:132] Port admin-enabled: port_idx=2
[26-03-26 18:42:28] [INFO] [port_mgr] [port_manager.c:143] Port admin-disabled: port_idx=2
[26-03-26 18:42:28] [INFO] [port_mgr] [port_manager.c:76] port_idx=3 oper_state changed: DOWN -> UP (admin=enabled fault=none)
[26-03-26 18:42:28] [DEBUG] [port_mgr] [port_manager.c:63] Notified conn-mgr: port_idx=3, operational_state=UP
[26-03-26 18:42:28] [INFO] [conn_mgr] [conn_manager.c:65] Port-4 operational_state changed to UP
[26-03-26 18:42:28] [INFO] [port_mgr] [port_manager.c:132] Port admin-enabled: port_idx=3
[26-03-26 18:42:28] [INFO] [port_mgr] [port_manager.c:143] Port admin-disabled: port_idx=3
[26-03-26 18:42:28] [INFO] [port_mgr] [port_manager.c:76] port_idx=4 oper_state changed: DOWN -> UP (admin=enabled fault=none)
[26-03-26 18:42:28] [DEBUG] [port_mgr] [port_manager.c:63] Notified conn-mgr: port_idx=4, operational_state=UP
[26-03-26 18:42:28] [INFO] [port_mgr] [port_manager.c:132] Port admin-enabled: port_idx=4
[26-03-26 18:42:28] [INFO] [conn_mgr] [conn_manager.c:65] Port-5 operational_state changed to UP
[26-03-26 18:42:28] [INFO] [port_mgr] [port_manager.c:143] Port admin-disabled: port_idx=4
[26-03-26 18:42:28] [INFO] [port_mgr] [port_manager.c:76] port_idx=5 oper_state changed: DOWN -> UP (admin=enabled fault=none)
[26-03-26 18:42:28] [DEBUG] [port_mgr] [port_manager.c:63] Notified conn-mgr: port_idx=5, operational_state=UP
[26-03-26 18:42:28] [INFO] [port_mgr] [port_manager.c:132] Port admin-enabled: port_idx=5
[26-03-26 18:42:28] [INFO] [conn_mgr] [conn_manager.c:65] Port-6 operational_state changed to UP
[26-03-26 18:42:28] [INFO] [port_mgr] [port_manager.c:143] Port admin-disabled: port_idx=5
[26-03-26 18:42:28] [INFO] [traffic_mgr] [traffic_manager.c:63] Traffic started (client=0, line=0, 0=random)
[26-03-26 18:42:28] [DEBUG] [traffic_mgr] [traffic_manager.c:37] Returning traffic stats
[26-03-26 18:42:28] [INFO] [cli] [cli.c:694] CLI exited
[26-03-26 18:42:32] [INFO] [cli] [cli.c:665] CLI started
[26-03-26 18:42:32] [DEBUG] [traffic_mgr] [traffic_manager.c:37] Returning traffic stats
[26-03-26 18:42:32] [INFO] [cli] [cli.c:694] CLI exited
[26-03-26 18:42:32] [INFO] [cli] [cli.c:665] CLI started
[26-03-26 18:42:32] [DEBUG] [traffic_mgr] [traffic_manager.c:37] Returning traffic stats
[26-03-26 18:42:32] [INFO] [cli] [cli.c:694] CLI exited
[26-03-26 18:43:24] [INFO] [traffic_mgr] [traffic_manager.c:16] Traffic stats initialized
[26-03-26 18:43:24] [INFO] [conn_mgr] [conn_manager.c:13] Initialize connection table
[26-03-26 18:43:24] [INFO] [port_mgr] [port_manager.c:29] Initialized ports
[26-03-26 18:44:15] [INFO] [port_mgr] [port_manager.c:29] Initialized ports
[26-03-26 18:44:15] [INFO] [conn_mgr] [conn_manager.c:13] Initialize connection table
[26-03-26 18:44:15] [INFO] [traffic_mgr] [traffic_manager.c:16] Traffic stats initialized
[26-03-26 18:44:40] [INFO] [cli] [cli.c:665] CLI started
[26-03-26 18:44:51] [DEBUG] [port_mgr] [port_manager.c:106] MSG_GET_PORT_INFO: Returning info for port_idx-0
[26-03-26 18:44:51] [DEBUG] [port_mgr] [port_manager.c:106] MSG_GET_PORT_INFO: Returning info for port_idx-1
[26-03-26 18:44:51] [DEBUG] [port_mgr] [port_manager.c:106] MSG_GET_PORT_INFO: Returning info for port_idx-2
[26-03-26 18:44:51] [DEBUG] [port_mgr] [port_manager.c:106] MSG_GET_PORT_INFO: Returning info for port_idx-3
[26-03-26 18:44:51] [DEBUG] [port_mgr] [port_manager.c:106] MSG_GET_PORT_INFO: Returning info for port_idx-4
[26-03-26 18:44:51] [DEBUG] [port_mgr] [port_manager.c:106] MSG_GET_PORT_INFO: Returning info for port_idx-5
[26-03-26 18:45:05] [DEBUG] [traffic_mgr] [traffic_manager.c:37] Returning traffic stats
[26-03-26 18:45:19] [INFO] [port_mgr] [port_manager.c:76] port_idx=5 oper_state changed: DOWN -> UP (admin=enabled fault=none)
[26-03-26 18:45:19] [DEBUG] [port_mgr] [port_manager.c:63] Notified conn-mgr: port_idx=5, operational_state=UP
[26-03-26 18:45:19] [INFO] [conn_mgr] [conn_manager.c:65] Port-6 operational_state changed to UP
[26-03-26 18:45:19] [INFO] [port_mgr] [port_manager.c:132] Port admin-enabled: port_idx=5
[26-03-26 18:45:19] [INFO] [port_mgr] [port_manager.c:143] Port admin-disabled: port_idx=5
[26-03-26 18:45:23] [INFO] [port_mgr] [port_manager.c:76] port_idx=3 oper_state changed: DOWN -> UP (admin=enabled fault=none)
[26-03-26 18:45:23] [DEBUG] [port_mgr] [port_manager.c:63] Notified conn-mgr: port_idx=3, operational_state=UP
[26-03-26 18:45:23] [INFO] [conn_mgr] [conn_manager.c:65] Port-4 operational_state changed to UP
[26-03-26 18:45:23] [INFO] [port_mgr] [port_manager.c:132] Port admin-enabled: port_idx=3
[26-03-26 18:45:23] [INFO] [port_mgr] [port_manager.c:143] Port admin-disabled: port_idx=3
[26-03-26 18:45:42] [INFO] [port_mgr] [port_manager.c:76] port_idx=2 oper_state changed: DOWN -> UP (admin=enabled fault=none)
[26-03-26 18:45:42] [DEBUG] [port_mgr] [port_manager.c:63] Notified conn-mgr: port_idx=2, operational_state=UP
[26-03-26 18:45:42] [INFO] [conn_mgr] [conn_manager.c:65] Port-3 operational_state changed to UP
[26-03-26 18:45:42] [INFO] [port_mgr] [port_manager.c:132] Port admin-enabled: port_idx=2
[26-03-26 18:45:42] [INFO] [port_mgr] [port_manager.c:143] Port admin-disabled: port_idx=2
[26-03-26 18:46:20] [INFO] [port_mgr] [port_manager.c:76] port_idx=0 oper_state changed: DOWN -> UP (admin=disabled fault=none)
[26-03-26 18:46:20] [DEBUG] [port_mgr] [port_manager.c:63] Notified conn-mgr: port_idx=0, operational_state=UP
[26-03-26 18:46:20] [INFO] [conn_mgr] [conn_manager.c:65] Port-1 operational_state changed to UP
[26-03-26 18:46:20] [INFO] [port_mgr] [port_manager.c:143] Port admin-disabled: port_idx=0
[26-03-26 18:46:34] [INFO] [port_mgr] [port_manager.c:132] Port admin-enabled: port_idx=0
[26-03-26 18:46:34] [INFO] [port_mgr] [port_manager.c:143] Port admin-disabled: port_idx=0
[26-03-26 18:46:38] [INFO] [port_mgr] [port_manager.c:143] Port admin-disabled: port_idx=0
[26-03-26 18:47:44] [DEBUG] [port_mgr] [port_manager.c:106] MSG_GET_PORT_INFO: Returning info for port_idx-0
[26-03-26 18:47:44] [DEBUG] [port_mgr] [port_manager.c:106] MSG_GET_PORT_INFO: Returning info for port_idx-1
[26-03-26 18:47:44] [DEBUG] [port_mgr] [port_manager.c:106] MSG_GET_PORT_INFO: Returning info for port_idx-2
[26-03-26 18:47:44] [DEBUG] [port_mgr] [port_manager.c:106] MSG_GET_PORT_INFO: Returning info for port_idx-3
[26-03-26 18:47:44] [DEBUG] [port_mgr] [port_manager.c:106] MSG_GET_PORT_INFO: Returning info for port_idx-4
[26-03-26 18:47:44] [DEBUG] [port_mgr] [port_manager.c:106] MSG_GET_PORT_INFO: Returning info for port_idx-5
[26-03-26 19:15:38] [INFO] [cli] [cli.c:665] CLI started
[26-03-26 19:15:49] [ERROR] [cli] [common.c:136] recvfrom on port 5001 failed
[26-03-26 19:15:49] [ERROR] [cli] [cli.c:61] Request timed out — is the service running?
[26-03-26 19:15:49] [ERROR] [cli] [cli.c:108] send_and_receive failed to send message to PORT_MANAGER
[26-03-26 19:16:00] [ERROR] [cli] [common.c:136] recvfrom on port 5001 failed
[26-03-26 19:16:00] [ERROR] [cli] [cli.c:61] Request timed out — is the service running?
[26-03-26 19:16:00] [ERROR] [cli] [cli.c:108] send_and_receive failed to send message to PORT_MANAGER
[26-03-26 19:17:31] [INFO] [traffic_mgr] [traffic_manager.c:16] Traffic stats initialized
[26-03-26 19:17:31] [INFO] [conn_mgr] [conn_manager.c:13] Initialize connection table
[26-03-26 19:17:31] [INFO] [port_mgr] [port_manager.c:29] Initialized ports
[26-03-26 19:17:36] [INFO] [cli] [cli.c:665] CLI started
[26-03-26 19:17:38] [INFO] [port_mgr] [port_manager.c:76] port_idx=0 oper_state changed: DOWN -> UP (admin=enabled fault=none)
[26-03-26 19:17:38] [DEBUG] [port_mgr] [port_manager.c:63] Notified conn-mgr: port_idx=0, operational_state=UP
[26-03-26 19:17:38] [INFO] [conn_mgr] [conn_manager.c:65] Port-1 operational_state changed to UP
[26-03-26 19:17:38] [INFO] [port_mgr] [port_manager.c:132] Port admin-enabled: port_idx=0
[26-03-26 19:17:42] [DEBUG] [port_mgr] [port_manager.c:106] MSG_GET_PORT_INFO: Returning info for port_idx-0
[26-03-26 19:17:42] [DEBUG] [port_mgr] [port_manager.c:106] MSG_GET_PORT_INFO: Returning info for port_idx-1
[26-03-26 19:17:42] [DEBUG] [port_mgr] [port_manager.c:106] MSG_GET_PORT_INFO: Returning info for port_idx-2
[26-03-26 19:17:42] [DEBUG] [port_mgr] [port_manager.c:106] MSG_GET_PORT_INFO: Returning info for port_idx-3
[26-03-26 19:17:42] [DEBUG] [port_mgr] [port_manager.c:106] MSG_GET_PORT_INFO: Returning info for port_idx-4
[26-03-26 19:17:42] [DEBUG] [port_mgr] [port_manager.c:106] MSG_GET_PORT_INFO: Returning info for port_idx-5
[26-03-26 19:34:15] [INFO] [port_mgr] [port_manager.c:132] Port admin-enabled: port_idx=0
[26-03-26 19:34:20] [DEBUG] [port_mgr] [port_manager.c:106] MSG_GET_PORT_INFO: Returning info for port_idx-0
[26-03-26 19:34:20] [DEBUG] [port_mgr] [port_manager.c:106] MSG_GET_PORT_INFO: Returning info for port_idx-1
[26-03-26 19:34:20] [DEBUG] [port_mgr] [port_manager.c:106] MSG_GET_PORT_INFO: Returning info for port_idx-2
[26-03-26 19:34:20] [DEBUG] [port_mgr] [port_manager.c:106] MSG_GET_PORT_INFO: Returning info for port_idx-3
[26-03-26 19:34:20] [DEBUG] [port_mgr] [port_manager.c:106] MSG_GET_PORT_INFO: Returning info for port_idx-4
[26-03-26 19:34:20] [DEBUG] [port_mgr] [port_manager.c:106] MSG_GET_PORT_INFO: Returning info for port_idx-5
[26-03-26 19:34:23] [INFO] [port_mgr] [port_manager.c:76] port_idx=0 oper_state changed: UP -> DOWN (admin=disabled fault=none)
[26-03-26 19:34:23] [DEBUG] [port_mgr] [port_manager.c:63] Notified conn-mgr: port_idx=0, operational_state=DOWN
[26-03-26 19:34:23] [INFO] [conn_mgr] [conn_manager.c:65] Port-1 operational_state changed to DOWN
[26-03-26 19:34:23] [INFO] [port_mgr] [port_manager.c:143] Port admin-disabled: port_idx=0
[26-03-26 19:34:26] [DEBUG] [port_mgr] [port_manager.c:106] MSG_GET_PORT_INFO: Returning info for port_idx-0
[26-03-26 19:34:26] [DEBUG] [port_mgr] [port_manager.c:106] MSG_GET_PORT_INFO: Returning info for port_idx-1
[26-03-26 19:34:26] [DEBUG] [port_mgr] [port_manager.c:106] MSG_GET_PORT_INFO: Returning info for port_idx-2
[26-03-26 19:34:26] [DEBUG] [port_mgr] [port_manager.c:106] MSG_GET_PORT_INFO: Returning info for port_idx-3
[26-03-26 19:34:26] [DEBUG] [port_mgr] [port_manager.c:106] MSG_GET_PORT_INFO: Returning info for port_idx-4
[26-03-26 19:34:26] [DEBUG] [port_mgr] [port_manager.c:106] MSG_GET_PORT_INFO: Returning info for port_idx-5
[26-03-26 19:34:39] [INFO] [port_mgr] [port_manager.c:76] port_idx=5 oper_state changed: DOWN -> UP (admin=enabled fault=none)
[26-03-26 19:34:39] [DEBUG] [port_mgr] [port_manager.c:63] Notified conn-mgr: port_idx=5, operational_state=UP
[26-03-26 19:34:39] [INFO] [port_mgr] [port_manager.c:132] Port admin-enabled: port_idx=5
[26-03-26 19:34:39] [INFO] [conn_mgr] [conn_manager.c:65] Port-6 operational_state changed to UP
[26-03-26 19:34:47] [DEBUG] [port_mgr] [port_manager.c:106] MSG_GET_PORT_INFO: Returning info for port_idx-0
[26-03-26 19:34:47] [DEBUG] [port_mgr] [port_manager.c:106] MSG_GET_PORT_INFO: Returning info for port_idx-1
[26-03-26 19:34:47] [DEBUG] [port_mgr] [port_manager.c:106] MSG_GET_PORT_INFO: Returning info for port_idx-2
[26-03-26 19:34:47] [DEBUG] [port_mgr] [port_manager.c:106] MSG_GET_PORT_INFO: Returning info for port_idx-3
[26-03-26 19:34:47] [DEBUG] [port_mgr] [port_manager.c:106] MSG_GET_PORT_INFO: Returning info for port_idx-4
[26-03-26 19:34:47] [DEBUG] [port_mgr] [port_manager.c:106] MSG_GET_PORT_INFO: Returning info for port_idx-5
[26-03-26 19:34:52] [INFO] [port_mgr] [port_manager.c:76] port_idx=5 oper_state changed: UP -> DOWN (admin=disabled fault=none)
[26-03-26 19:34:52] [DEBUG] [port_mgr] [port_manager.c:63] Notified conn-mgr: port_idx=5, operational_state=DOWN
[26-03-26 19:34:52] [INFO] [conn_mgr] [conn_manager.c:65] Port-6 operational_state changed to DOWN
[26-03-26 19:34:52] [INFO] [port_mgr] [port_manager.c:143] Port admin-disabled: port_idx=5
[26-03-26 19:34:54] [DEBUG] [port_mgr] [port_manager.c:106] MSG_GET_PORT_INFO: Returning info for port_idx-0
[26-03-26 19:34:54] [DEBUG] [port_mgr] [port_manager.c:106] MSG_GET_PORT_INFO: Returning info for port_idx-1
[26-03-26 19:34:54] [DEBUG] [port_mgr] [port_manager.c:106] MSG_GET_PORT_INFO: Returning info for port_idx-2
[26-03-26 19:34:54] [DEBUG] [port_mgr] [port_manager.c:106] MSG_GET_PORT_INFO: Returning info for port_idx-3
[26-03-26 19:34:54] [DEBUG] [port_mgr] [port_manager.c:106] MSG_GET_PORT_INFO: Returning info for port_idx-4
[26-03-26 19:34:54] [DEBUG] [port_mgr] [port_manager.c:106] MSG_GET_PORT_INFO: Returning info for port_idx-5
[26-03-26 19:36:32] [ERROR] [conn_mgr] [conn_manager.c:188] could not find connection with that name (name=2)
[26-03-26 19:50:44] [INFO] [port_mgr] [port_manager.c:29] Initialized ports
[26-03-26 19:50:44] [INFO] [traffic_mgr] [traffic_manager.c:16] Traffic stats initialized
[26-03-26 19:50:44] [INFO] [conn_mgr] [conn_manager.c:13] Initialize connection table
[26-03-26 19:50:55] [INFO] [cli] [cli.c:665] CLI started
[26-03-26 19:51:02] [ERROR] [conn_mgr] [conn_manager.c:187] could not find connection with that name (name=1)
